{"body":{},"endpoint":"/tech","ip":"::1","level":"info","method":"GET","pathParameters":{"0":"tech"},"query":{},"service":"user-service","timestamp":"Wed, 12 Jun 2024 15:32:52 GMT"}
{"body":{},"endpoint":"/Users/corcoding/Code-Refresher/Backend/Images/frontcardhtml.png","ip":"::1","level":"info","method":"GET","pathParameters":{"0":"Users/corcoding/Code-Refresher/Backend/Images/frontcardhtml.png"},"query":{},"service":"user-service","timestamp":"Wed, 12 Jun 2024 15:33:29 GMT"}
{"body":{},"endpoint":"/Users/corcoding/Code-Refresher/Backend/Images/frontcardhtml.png","ip":"::1","level":"info","method":"GET","pathParameters":{"0":"Users/corcoding/Code-Refresher/Backend/Images/frontcardhtml.png"},"query":{},"service":"user-service","timestamp":"Wed, 12 Jun 2024 15:33:56 GMT"}
{"body":{},"endpoint":"/Images/frontcardhtmlconcept.png","ip":"::1","level":"info","method":"GET","pathParameters":{"0":"Images/frontcardhtmlconcept.png"},"query":{},"service":"user-service","timestamp":"Wed, 12 Jun 2024 15:34:03 GMT"}
{"body":{},"endpoint":"/login","ip":"::1","level":"info","method":"GET","pathParameters":{"0":"login"},"query":{},"service":"user-service","timestamp":"Wed, 12 Jun 2024 17:02:37 GMT"}
{"body":{},"endpoint":"/login","ip":"::1","level":"info","method":"GET","pathParameters":{"0":"login"},"query":{},"service":"user-service","timestamp":"Wed, 12 Jun 2024 17:24:48 GMT"}
{"body":{},"endpoint":"/login","ip":"::1","level":"info","method":"GET","pathParameters":{"0":"login"},"query":{},"service":"user-service","timestamp":"Wed, 12 Jun 2024 17:26:07 GMT"}
{"body":{},"endpoint":"/tech","ip":"::1","level":"info","method":"GET","pathParameters":{"0":"tech"},"query":{},"service":"user-service","timestamp":"Wed, 12 Jun 2024 17:38:41 GMT"}
{"body":{"answer_img":"test answer-img","name":"test","question_img":"test question-img"},"endpoint":"/tech","ip":"::1","level":"info","method":"POST","pathParameters":{"0":"tech"},"query":{},"service":"user-service","timestamp":"Wed, 12 Jun 2024 17:40:42 GMT"}
{"body":{},"endpoint":"/tech","ip":"::1","level":"info","method":"GET","pathParameters":{"0":"tech"},"query":{},"service":"user-service","timestamp":"Wed, 12 Jun 2024 17:40:48 GMT"}
{"body":{"answer_img":"test answer-img2","name":"test2","question_img":"test question-img2"},"endpoint":"/tech","ip":"::1","level":"info","method":"POST","pathParameters":{"0":"tech"},"query":{},"service":"user-service","timestamp":"Wed, 12 Jun 2024 17:42:01 GMT"}
{"body":{},"endpoint":"/tech","ip":"::1","level":"info","method":"GET","pathParameters":{"0":"tech"},"query":{},"service":"user-service","timestamp":"Wed, 12 Jun 2024 17:52:39 GMT"}
{"body":{},"endpoint":"/tech/12","ip":"::1","level":"info","method":"DELETE","pathParameters":{"0":"tech/12"},"query":{},"service":"user-service","timestamp":"Wed, 12 Jun 2024 17:52:54 GMT"}
{"body":{},"endpoint":"/tech","ip":"::1","level":"info","method":"GET","pathParameters":{"0":"tech"},"query":{},"service":"user-service","timestamp":"Wed, 12 Jun 2024 17:53:01 GMT"}
{"body":{},"endpoint":"/tech/","ip":"::1","level":"info","method":"DELETE","pathParameters":{"0":"tech/"},"query":{"id":"12"},"service":"user-service","timestamp":"Wed, 12 Jun 2024 18:04:27 GMT"}
{"body":{},"endpoint":"/tech/12","ip":"::1","level":"info","method":"DELETE","pathParameters":{"0":"tech/12"},"query":{},"service":"user-service","timestamp":"Wed, 12 Jun 2024 18:07:30 GMT"}
{"body":{},"endpoint":"/tech/","ip":"::1","level":"info","method":"DELETE","pathParameters":{"0":"tech/"},"query":{"id":"12"},"service":"user-service","timestamp":"Wed, 12 Jun 2024 18:07:57 GMT"}
{"body":{},"endpoint":"/tech/12","ip":"::1","level":"info","method":"DELETE","pathParameters":{"0":"tech/12"},"query":{},"service":"user-service","timestamp":"Wed, 12 Jun 2024 18:08:52 GMT"}
{"body":{},"endpoint":"/tech","ip":"::1","level":"info","method":"GET","pathParameters":{"0":"tech"},"query":{},"service":"user-service","timestamp":"Wed, 12 Jun 2024 18:10:26 GMT"}
{"body":{},"endpoint":"/tech/13","ip":"::1","level":"info","method":"DELETE","pathParameters":{"0":"tech/13"},"query":{},"service":"user-service","timestamp":"Wed, 12 Jun 2024 18:10:40 GMT"}
{"body":{},"endpoint":"/tech","ip":"::1","level":"info","method":"GET","pathParameters":{"0":"tech"},"query":{},"service":"user-service","timestamp":"Wed, 12 Jun 2024 18:10:46 GMT"}
{"body":{"answer_img":"test answer-img","name":"test","question_img":"test question-img"},"endpoint":"/tech","ip":"::1","level":"info","method":"POST","pathParameters":{"0":"tech"},"query":{},"service":"user-service","timestamp":"Wed, 12 Jun 2024 18:11:17 GMT"}
{"body":{},"endpoint":"/tech","ip":"::1","level":"info","method":"GET","pathParameters":{"0":"tech"},"query":{},"service":"user-service","timestamp":"Wed, 12 Jun 2024 18:11:25 GMT"}
{"body":{},"endpoint":"/tech/14","ip":"::1","level":"info","method":"DELETE","pathParameters":{"0":"tech/14"},"query":{},"service":"user-service","timestamp":"Wed, 12 Jun 2024 18:11:34 GMT"}
{"body":{},"endpoint":"/tech","ip":"::1","level":"info","method":"GET","pathParameters":{"0":"tech"},"query":{},"service":"user-service","timestamp":"Wed, 12 Jun 2024 18:11:53 GMT"}
{"body":{},"endpoint":"/tech","ip":"::1","level":"info","method":"GET","pathParameters":{"0":"tech"},"query":{},"service":"user-service","timestamp":"Wed, 12 Jun 2024 18:21:54 GMT"}
{"body":{"answer_img":"test answer-img","name":"test","question_img":"test question-img"},"endpoint":"/tech","ip":"::1","level":"info","method":"POST","pathParameters":{"0":"tech"},"query":{},"service":"user-service","timestamp":"Wed, 12 Jun 2024 18:22:01 GMT"}
{"body":{},"endpoint":"/tech","ip":"::1","level":"info","method":"GET","pathParameters":{"0":"tech"},"query":{},"service":"user-service","timestamp":"Wed, 12 Jun 2024 18:22:04 GMT"}
{"body":{},"endpoint":"/tech/15","ip":"::1","level":"info","method":"DELETE","pathParameters":{"0":"tech/15"},"query":{},"service":"user-service","timestamp":"Wed, 12 Jun 2024 18:22:11 GMT"}
{"body":{},"endpoint":"/tech","ip":"::1","level":"info","method":"GET","pathParameters":{"0":"tech"},"query":{},"service":"user-service","timestamp":"Wed, 12 Jun 2024 18:22:21 GMT"}
{"body":{},"endpoint":"/tech","ip":"::1","level":"info","method":"GET","pathParameters":{"0":"tech"},"query":{},"service":"user-service","timestamp":"Fri, 14 Jun 2024 14:48:28 GMT"}
{"body":{"answer":"test answer-img","name":"test","question":"test question-img"},"endpoint":"/tech","ip":"::1","level":"info","method":"POST","pathParameters":{"0":"tech"},"query":{},"service":"user-service","timestamp":"Fri, 14 Jun 2024 14:48:33 GMT"}
{"body":{},"endpoint":"/tech","ip":"::1","level":"info","method":"GET","pathParameters":{"0":"tech"},"query":{},"service":"user-service","timestamp":"Fri, 14 Jun 2024 14:49:37 GMT"}
{"body":{"answer":"test answer","name":"test","question":"test question"},"endpoint":"/tech","ip":"::1","level":"info","method":"POST","pathParameters":{"0":"tech"},"query":{},"service":"user-service","timestamp":"Fri, 14 Jun 2024 14:49:47 GMT"}
{"body":{},"endpoint":"/tech","ip":"::1","level":"info","method":"GET","pathParameters":{"0":"tech"},"query":{},"service":"user-service","timestamp":"Fri, 14 Jun 2024 14:49:55 GMT"}
{"body":{},"endpoint":"/tech","ip":"::1","level":"info","method":"GET","pathParameters":{"0":"tech"},"query":{},"service":"user-service","timestamp":"Fri, 14 Jun 2024 15:47:04 GMT"}
{"body":{},"endpoint":"/tech","ip":"::1","level":"info","method":"GET","pathParameters":{"0":"tech"},"query":{},"service":"user-service","timestamp":"Fri, 14 Jun 2024 15:47:04 GMT"}
{"body":{},"endpoint":"/tech","ip":"::1","level":"info","method":"GET","pathParameters":{"0":"tech"},"query":{},"service":"user-service","timestamp":"Fri, 14 Jun 2024 15:53:35 GMT"}
{"body":{},"endpoint":"/tech","ip":"::1","level":"info","method":"GET","pathParameters":{"0":"tech"},"query":{},"service":"user-service","timestamp":"Fri, 14 Jun 2024 15:53:35 GMT"}
{"body":{},"endpoint":"/tech","ip":"::1","level":"info","method":"GET","pathParameters":{"0":"tech"},"query":{},"service":"user-service","timestamp":"Fri, 14 Jun 2024 15:53:39 GMT"}
{"body":{},"endpoint":"/tech","ip":"::1","level":"info","method":"GET","pathParameters":{"0":"tech"},"query":{},"service":"user-service","timestamp":"Fri, 14 Jun 2024 15:53:39 GMT"}
{"body":{},"endpoint":"/tech","ip":"::1","level":"info","method":"GET","pathParameters":{"0":"tech"},"query":{},"service":"user-service","timestamp":"Fri, 14 Jun 2024 15:53:43 GMT"}
{"body":{},"endpoint":"/tech","ip":"::1","level":"info","method":"GET","pathParameters":{"0":"tech"},"query":{},"service":"user-service","timestamp":"Fri, 14 Jun 2024 15:53:43 GMT"}
{"body":{},"endpoint":"/tech","ip":"::1","level":"info","method":"GET","pathParameters":{"0":"tech"},"query":{},"service":"user-service","timestamp":"Fri, 14 Jun 2024 16:00:40 GMT"}
{"body":{},"endpoint":"/tech","ip":"::1","level":"info","method":"GET","pathParameters":{"0":"tech"},"query":{},"service":"user-service","timestamp":"Fri, 14 Jun 2024 16:00:41 GMT"}
{"body":{},"endpoint":"/tech","ip":"::1","level":"info","method":"GET","pathParameters":{"0":"tech"},"query":{"name":"1"},"timestamp":"Fri, 14 Jun 2024 18:52:57 GMT"}
{"body":{},"endpoint":"/tech","ip":"::1","level":"info","method":"GET","pathParameters":{"0":"tech"},"query":{},"timestamp":"Tue, 18 Jun 2024 21:12:24 GMT"}
{"body":{},"endpoint":"/tech","ip":"::1","level":"info","method":"GET","pathParameters":{"0":"tech"},"query":{},"timestamp":"Tue, 18 Jun 2024 21:13:48 GMT"}
{"body":{},"endpoint":"/tech","ip":"::1","level":"info","method":"GET","pathParameters":{"0":"tech"},"query":{},"timestamp":"Tue, 18 Jun 2024 21:15:00 GMT"}
{"body":{},"endpoint":"/tech","ip":"::1","level":"info","method":"GET","pathParameters":{"0":"tech"},"query":{},"timestamp":"Tue, 18 Jun 2024 21:16:05 GMT"}
{"body":{},"endpoint":"/tech","ip":"::1","level":"info","method":"GET","pathParameters":{"0":"tech"},"query":{},"timestamp":"Tue, 18 Jun 2024 21:16:07 GMT"}
{"body":{},"endpoint":"/tech","ip":"::1","level":"info","method":"GET","pathParameters":{"0":"tech"},"query":{},"timestamp":"Tue, 18 Jun 2024 21:16:20 GMT"}
{"body":{},"endpoint":"/tech","ip":"::1","level":"info","method":"GET","pathParameters":{"0":"tech"},"query":{},"timestamp":"Tue, 18 Jun 2024 21:16:36 GMT"}
{"body":{},"endpoint":"/tech","ip":"::1","level":"info","method":"GET","pathParameters":{"0":"tech"},"query":{},"timestamp":"Tue, 18 Jun 2024 21:16:45 GMT"}
{"body":{},"endpoint":"/tech","ip":"::1","level":"info","method":"GET","pathParameters":{"0":"tech"},"query":{},"timestamp":"Tue, 18 Jun 2024 21:16:48 GMT"}
{"body":{},"endpoint":"/tech","ip":"::1","level":"info","method":"GET","pathParameters":{"0":"tech"},"query":{},"timestamp":"Tue, 18 Jun 2024 21:17:14 GMT"}
{"body":{},"endpoint":"/tech","ip":"::1","level":"info","method":"GET","pathParameters":{"0":"tech"},"query":{},"timestamp":"Tue, 18 Jun 2024 21:17:20 GMT"}
{"body":{},"endpoint":"/tech","ip":"::1","level":"info","method":"GET","pathParameters":{"0":"tech"},"query":{},"timestamp":"Tue, 18 Jun 2024 21:18:15 GMT"}
{"body":{},"endpoint":"/tech","ip":"::1","level":"info","method":"GET","pathParameters":{"0":"tech"},"query":{},"timestamp":"Tue, 18 Jun 2024 21:18:34 GMT"}
{"body":{},"endpoint":"/tech","ip":"::1","level":"info","method":"GET","pathParameters":{"0":"tech"},"query":{},"timestamp":"Tue, 18 Jun 2024 21:18:55 GMT"}
{"body":{},"endpoint":"/tech","ip":"::1","level":"info","method":"GET","pathParameters":{"0":"tech"},"query":{},"timestamp":"Tue, 18 Jun 2024 21:19:29 GMT"}
{"body":{},"endpoint":"/tech","ip":"::1","level":"info","method":"GET","pathParameters":{"0":"tech"},"query":{},"timestamp":"Tue, 18 Jun 2024 21:19:39 GMT"}
{"body":{},"endpoint":"/tech","ip":"::1","level":"info","method":"GET","pathParameters":{"0":"tech"},"query":{},"timestamp":"Tue, 18 Jun 2024 21:19:50 GMT"}
{"body":{},"endpoint":"/tech","ip":"::1","level":"info","method":"GET","pathParameters":{"0":"tech"},"query":{},"timestamp":"Tue, 18 Jun 2024 21:57:28 GMT"}
{"body":{},"endpoint":"/tech","ip":"::1","level":"info","method":"GET","pathParameters":{"0":"tech"},"query":{},"timestamp":"Tue, 18 Jun 2024 21:57:31 GMT"}
{"body":{},"endpoint":"/tech","ip":"::1","level":"info","method":"GET","pathParameters":{"0":"tech"},"query":{},"timestamp":"Tue, 18 Jun 2024 21:57:37 GMT"}
{"body":{},"endpoint":"/tech","ip":"::1","level":"info","method":"GET","pathParameters":{"0":"tech"},"query":{},"timestamp":"Tue, 18 Jun 2024 21:57:38 GMT"}
{"body":{},"endpoint":"/tech","ip":"::1","level":"info","method":"GET","pathParameters":{"0":"tech"},"query":{},"timestamp":"Tue, 18 Jun 2024 21:57:48 GMT"}
{"body":{},"endpoint":"/tech","ip":"::1","level":"info","method":"GET","pathParameters":{"0":"tech"},"query":{},"timestamp":"Tue, 18 Jun 2024 21:58:01 GMT"}
{"body":{},"endpoint":"/tech","ip":"::1","level":"info","method":"GET","pathParameters":{"0":"tech"},"query":{},"timestamp":"Tue, 18 Jun 2024 21:58:07 GMT"}
{"body":{},"endpoint":"/tech","ip":"::1","level":"info","method":"GET","pathParameters":{"0":"tech"},"query":{},"timestamp":"Tue, 18 Jun 2024 21:58:08 GMT"}
{"body":{},"endpoint":"/tech","ip":"::1","level":"info","method":"GET","pathParameters":{"0":"tech"},"query":{},"timestamp":"Tue, 18 Jun 2024 21:58:48 GMT"}
{"body":{},"endpoint":"/tech","ip":"::1","level":"info","method":"GET","pathParameters":{"0":"tech"},"query":{},"timestamp":"Tue, 18 Jun 2024 21:58:59 GMT"}
{"body":{},"endpoint":"/tech","ip":"::1","level":"info","method":"GET","pathParameters":{"0":"tech"},"query":{},"timestamp":"Tue, 18 Jun 2024 21:59:04 GMT"}
{"body":{},"endpoint":"/tech","ip":"::1","level":"info","method":"GET","pathParameters":{"0":"tech"},"query":{},"timestamp":"Tue, 18 Jun 2024 22:01:23 GMT"}
{"body":{},"endpoint":"/tech","ip":"::1","level":"info","method":"GET","pathParameters":{"0":"tech"},"query":{},"timestamp":"Tue, 18 Jun 2024 22:01:29 GMT"}
{"body":{},"endpoint":"/tech","ip":"::1","level":"info","method":"GET","pathParameters":{"0":"tech"},"query":{},"timestamp":"Tue, 18 Jun 2024 22:01:39 GMT"}
{"body":{},"endpoint":"/tech","ip":"::1","level":"info","method":"GET","pathParameters":{"0":"tech"},"query":{},"timestamp":"Tue, 18 Jun 2024 22:02:03 GMT"}
{"body":{},"endpoint":"/tech","ip":"::1","level":"info","method":"GET","pathParameters":{"0":"tech"},"query":{},"timestamp":"Tue, 18 Jun 2024 22:02:16 GMT"}
{"body":{},"endpoint":"/tech","ip":"::1","level":"info","method":"GET","pathParameters":{"0":"tech"},"query":{},"timestamp":"Tue, 18 Jun 2024 22:02:50 GMT"}
{"body":{},"endpoint":"/tech","ip":"::1","level":"info","method":"GET","pathParameters":{"0":"tech"},"query":{},"timestamp":"Tue, 18 Jun 2024 22:03:11 GMT"}
{"body":{},"endpoint":"/tech","ip":"::1","level":"info","method":"GET","pathParameters":{"0":"tech"},"query":{},"timestamp":"Tue, 18 Jun 2024 22:03:23 GMT"}
{"body":{},"endpoint":"/tech","ip":"::1","level":"info","method":"GET","pathParameters":{"0":"tech"},"query":{},"timestamp":"Tue, 18 Jun 2024 22:03:28 GMT"}
{"body":{},"endpoint":"/tech","ip":"::1","level":"info","method":"GET","pathParameters":{"0":"tech"},"query":{},"timestamp":"Tue, 18 Jun 2024 22:03:44 GMT"}
{"body":{},"endpoint":"/tech","ip":"::1","level":"info","method":"GET","pathParameters":{"0":"tech"},"query":{},"timestamp":"Tue, 18 Jun 2024 22:04:10 GMT"}
{"body":{},"endpoint":"/tech","ip":"::1","level":"info","method":"GET","pathParameters":{"0":"tech"},"query":{},"timestamp":"Tue, 18 Jun 2024 22:04:38 GMT"}
{"body":{},"endpoint":"/tech","ip":"::1","level":"info","method":"GET","pathParameters":{"0":"tech"},"query":{},"timestamp":"Tue, 18 Jun 2024 22:09:47 GMT"}
{"body":{},"endpoint":"/tech","ip":"::1","level":"info","method":"GET","pathParameters":{"0":"tech"},"query":{},"timestamp":"Tue, 18 Jun 2024 22:09:48 GMT"}
{"body":{},"endpoint":"/tech","ip":"::1","level":"info","method":"GET","pathParameters":{"0":"tech"},"query":{},"timestamp":"Tue, 18 Jun 2024 22:09:51 GMT"}
{"body":{},"endpoint":"/tech","ip":"::1","level":"info","method":"GET","pathParameters":{"0":"tech"},"query":{},"timestamp":"Tue, 18 Jun 2024 22:09:55 GMT"}
{"body":{},"endpoint":"/tech","ip":"::1","level":"info","method":"GET","pathParameters":{"0":"tech"},"query":{},"timestamp":"Tue, 18 Jun 2024 22:09:57 GMT"}
{"body":{},"endpoint":"/tech","ip":"::1","level":"info","method":"GET","pathParameters":{"0":"tech"},"query":{},"timestamp":"Tue, 18 Jun 2024 22:10:17 GMT"}
{"body":{},"endpoint":"/tech","ip":"::1","level":"info","method":"GET","pathParameters":{"0":"tech"},"query":{},"timestamp":"Tue, 18 Jun 2024 22:10:19 GMT"}
{"body":{},"endpoint":"/tech","ip":"::1","level":"info","method":"GET","pathParameters":{"0":"tech"},"query":{},"timestamp":"Tue, 18 Jun 2024 22:11:53 GMT"}
{"body":{},"endpoint":"/tech","ip":"::1","level":"info","method":"GET","pathParameters":{"0":"tech"},"query":{},"timestamp":"Tue, 18 Jun 2024 22:11:54 GMT"}
{"body":{},"endpoint":"/tech","ip":"::1","level":"info","method":"GET","pathParameters":{"0":"tech"},"query":{},"timestamp":"Tue, 18 Jun 2024 22:13:14 GMT"}
{"body":{},"endpoint":"/tech","ip":"::1","level":"info","method":"GET","pathParameters":{"0":"tech"},"query":{},"timestamp":"Tue, 18 Jun 2024 22:17:02 GMT"}
{"body":{},"endpoint":"/tech","ip":"::1","level":"info","method":"GET","pathParameters":{"0":"tech"},"query":{},"timestamp":"Tue, 18 Jun 2024 22:17:14 GMT"}
{"body":{},"endpoint":"/tech","ip":"::1","level":"info","method":"GET","pathParameters":{"0":"tech"},"query":{},"timestamp":"Tue, 18 Jun 2024 22:20:24 GMT"}
{"body":{},"endpoint":"/tech","ip":"::1","level":"info","method":"GET","pathParameters":{"0":"tech"},"query":{},"timestamp":"Tue, 18 Jun 2024 22:20:25 GMT"}
{"body":{},"endpoint":"/tech","ip":"::1","level":"info","method":"GET","pathParameters":{"0":"tech"},"query":{},"timestamp":"Tue, 18 Jun 2024 22:20:32 GMT"}
{"body":{},"endpoint":"/tech","ip":"::1","level":"info","method":"GET","pathParameters":{"0":"tech"},"query":{},"timestamp":"Tue, 18 Jun 2024 23:47:35 GMT"}
{"body":{},"endpoint":"/tech","ip":"::1","level":"info","method":"GET","pathParameters":{"0":"tech"},"query":{},"timestamp":"Tue, 18 Jun 2024 23:48:58 GMT"}
{"body":{},"endpoint":"/tech","ip":"::1","level":"info","method":"GET","pathParameters":{"0":"tech"},"query":{},"timestamp":"Tue, 18 Jun 2024 23:54:43 GMT"}
{"body":{},"endpoint":"/tech","ip":"::1","level":"info","method":"GET","pathParameters":{"0":"tech"},"query":{},"timestamp":"Tue, 18 Jun 2024 23:54:51 GMT"}
{"body":{},"endpoint":"/tech","ip":"::1","level":"info","method":"GET","pathParameters":{"0":"tech"},"query":{},"timestamp":"Tue, 18 Jun 2024 23:55:00 GMT"}
{"body":{},"endpoint":"/tech","ip":"::1","level":"info","method":"GET","pathParameters":{"0":"tech"},"query":{},"timestamp":"Wed, 19 Jun 2024 00:16:48 GMT"}
{"body":{},"endpoint":"/tech","ip":"::1","level":"info","method":"GET","pathParameters":{"0":"tech"},"query":{},"timestamp":"Wed, 19 Jun 2024 00:16:51 GMT"}
{"body":{},"endpoint":"/tech","ip":"::1","level":"info","method":"GET","pathParameters":{"0":"tech"},"query":{},"timestamp":"Wed, 19 Jun 2024 00:16:54 GMT"}
{"body":{},"endpoint":"/tech","ip":"::1","level":"info","method":"GET","pathParameters":{"0":"tech"},"query":{},"timestamp":"Wed, 19 Jun 2024 00:18:29 GMT"}
{"body":{},"endpoint":"/tech","ip":"::1","level":"info","method":"GET","pathParameters":{"0":"tech"},"query":{},"timestamp":"Wed, 19 Jun 2024 00:23:22 GMT"}
{"body":{},"endpoint":"/tech","ip":"::1","level":"info","method":"GET","pathParameters":{"0":"tech"},"query":{},"timestamp":"Wed, 19 Jun 2024 00:24:20 GMT"}
{"body":{},"endpoint":"/tech","ip":"::1","level":"info","method":"GET","pathParameters":{"0":"tech"},"query":{},"timestamp":"Wed, 19 Jun 2024 01:02:06 GMT"}
{"body":{},"endpoint":"/tech","ip":"::1","level":"info","method":"GET","pathParameters":{"0":"tech"},"query":{},"timestamp":"Wed, 19 Jun 2024 01:02:10 GMT"}
{"body":{},"endpoint":"/tech","ip":"::1","level":"info","method":"GET","pathParameters":{"0":"tech"},"query":{},"timestamp":"Wed, 19 Jun 2024 01:03:58 GMT"}
{"body":{},"endpoint":"/tech","ip":"::1","level":"info","method":"GET","pathParameters":{"0":"tech"},"query":{},"timestamp":"Wed, 19 Jun 2024 01:04:00 GMT"}
{"body":{},"endpoint":"/tech","ip":"::1","level":"info","method":"GET","pathParameters":{"0":"tech"},"query":{},"timestamp":"Wed, 19 Jun 2024 01:04:24 GMT"}
{"body":{},"endpoint":"/tech","ip":"::1","level":"info","method":"GET","pathParameters":{"0":"tech"},"query":{},"timestamp":"Wed, 19 Jun 2024 01:04:25 GMT"}
{"body":{},"endpoint":"/tech","ip":"::1","level":"info","method":"GET","pathParameters":{"0":"tech"},"query":{},"timestamp":"Wed, 19 Jun 2024 01:04:37 GMT"}
{"body":{},"endpoint":"/tech","ip":"::1","level":"info","method":"GET","pathParameters":{"0":"tech"},"query":{},"timestamp":"Wed, 19 Jun 2024 01:05:01 GMT"}
{"body":{},"endpoint":"/tech","ip":"::1","level":"info","method":"GET","pathParameters":{"0":"tech"},"query":{},"timestamp":"Wed, 19 Jun 2024 01:05:22 GMT"}
{"body":{},"endpoint":"/tech","ip":"::1","level":"info","method":"GET","pathParameters":{"0":"tech"},"query":{},"timestamp":"Wed, 19 Jun 2024 01:05:38 GMT"}
{"body":{},"endpoint":"/tech","ip":"::1","level":"info","method":"GET","pathParameters":{"0":"tech"},"query":{},"timestamp":"Wed, 19 Jun 2024 01:06:12 GMT"}
{"body":{},"endpoint":"/tech","ip":"::1","level":"info","method":"GET","pathParameters":{"0":"tech"},"query":{},"timestamp":"Wed, 19 Jun 2024 01:06:49 GMT"}
{"body":{},"endpoint":"/tech","ip":"::1","level":"info","method":"GET","pathParameters":{"0":"tech"},"query":{},"timestamp":"Wed, 19 Jun 2024 01:06:52 GMT"}
{"body":{},"endpoint":"/tech","ip":"::1","level":"info","method":"GET","pathParameters":{"0":"tech"},"query":{},"timestamp":"Wed, 19 Jun 2024 01:06:53 GMT"}
{"body":{},"endpoint":"/tech","ip":"::1","level":"info","method":"GET","pathParameters":{"0":"tech"},"query":{},"timestamp":"Wed, 19 Jun 2024 01:07:15 GMT"}
{"body":{},"endpoint":"/tech","ip":"::1","level":"info","method":"GET","pathParameters":{"0":"tech"},"query":{},"timestamp":"Wed, 19 Jun 2024 01:08:46 GMT"}
{"body":{},"endpoint":"/tech","ip":"::1","level":"info","method":"GET","pathParameters":{"0":"tech"},"query":{},"timestamp":"Wed, 19 Jun 2024 01:09:07 GMT"}
{"body":{},"endpoint":"/tech","ip":"::1","level":"info","method":"GET","pathParameters":{"0":"tech"},"query":{},"timestamp":"Wed, 19 Jun 2024 01:09:18 GMT"}
{"body":{},"endpoint":"/tech","ip":"::1","level":"info","method":"GET","pathParameters":{"0":"tech"},"query":{},"timestamp":"Wed, 19 Jun 2024 01:09:59 GMT"}
{"body":{},"endpoint":"/tech","ip":"::1","level":"info","method":"GET","pathParameters":{"0":"tech"},"query":{},"timestamp":"Wed, 19 Jun 2024 01:10:01 GMT"}
{"body":{},"endpoint":"/tech","ip":"::1","level":"info","method":"GET","pathParameters":{"0":"tech"},"query":{},"timestamp":"Wed, 19 Jun 2024 01:10:08 GMT"}
{"body":{},"endpoint":"/tech","ip":"::1","level":"info","method":"GET","pathParameters":{"0":"tech"},"query":{},"timestamp":"Wed, 19 Jun 2024 01:10:35 GMT"}
{"body":{},"endpoint":"/tech","ip":"::1","level":"info","method":"GET","pathParameters":{"0":"tech"},"query":{},"timestamp":"Wed, 19 Jun 2024 01:10:35 GMT"}
{"body":{},"endpoint":"/tech","ip":"::1","level":"info","method":"GET","pathParameters":{"0":"tech"},"query":{},"timestamp":"Wed, 19 Jun 2024 01:10:41 GMT"}
{"body":{},"endpoint":"/tech","ip":"::1","level":"info","method":"GET","pathParameters":{"0":"tech"},"query":{},"timestamp":"Wed, 19 Jun 2024 01:12:01 GMT"}
{"body":{},"endpoint":"/tech","ip":"::1","level":"info","method":"GET","pathParameters":{"0":"tech"},"query":{},"timestamp":"Wed, 19 Jun 2024 01:12:02 GMT"}
{"body":{},"endpoint":"/tech","ip":"::1","level":"info","method":"GET","pathParameters":{"0":"tech"},"query":{},"timestamp":"Wed, 19 Jun 2024 01:12:22 GMT"}
{"body":{},"endpoint":"/tech","ip":"::1","level":"info","method":"GET","pathParameters":{"0":"tech"},"query":{},"timestamp":"Wed, 19 Jun 2024 01:12:57 GMT"}
{"body":{},"endpoint":"/tech","ip":"::1","level":"info","method":"GET","pathParameters":{"0":"tech"},"query":{},"timestamp":"Wed, 19 Jun 2024 01:13:02 GMT"}
{"body":{},"endpoint":"/tech","ip":"::1","level":"info","method":"GET","pathParameters":{"0":"tech"},"query":{},"timestamp":"Wed, 19 Jun 2024 01:13:39 GMT"}
{"body":{},"endpoint":"/tech","ip":"::1","level":"info","method":"GET","pathParameters":{"0":"tech"},"query":{},"timestamp":"Wed, 19 Jun 2024 01:13:41 GMT"}
{"body":{},"endpoint":"/tech","ip":"::1","level":"info","method":"GET","pathParameters":{"0":"tech"},"query":{},"timestamp":"Wed, 19 Jun 2024 01:13:56 GMT"}
{"body":{},"endpoint":"/tech","ip":"::1","level":"info","method":"GET","pathParameters":{"0":"tech"},"query":{},"timestamp":"Wed, 19 Jun 2024 01:14:47 GMT"}
{"body":{},"endpoint":"/tech","ip":"::1","level":"info","method":"GET","pathParameters":{"0":"tech"},"query":{},"timestamp":"Wed, 19 Jun 2024 01:14:50 GMT"}
{"body":{},"endpoint":"/tech","ip":"::1","level":"info","method":"GET","pathParameters":{"0":"tech"},"query":{},"timestamp":"Wed, 19 Jun 2024 01:15:12 GMT"}
{"body":{},"endpoint":"/tech","ip":"::1","level":"info","method":"GET","pathParameters":{"0":"tech"},"query":{},"timestamp":"Wed, 19 Jun 2024 01:58:59 GMT"}
{"body":{},"endpoint":"/tech","ip":"::1","level":"info","method":"GET","pathParameters":{"0":"tech"},"query":{},"timestamp":"Wed, 19 Jun 2024 01:59:00 GMT"}
{"body":{},"endpoint":"/tech","ip":"::1","level":"info","method":"GET","pathParameters":{"0":"tech"},"query":{},"timestamp":"Wed, 19 Jun 2024 01:59:01 GMT"}
{"body":{},"endpoint":"/tech","ip":"::1","level":"info","method":"GET","pathParameters":{"0":"tech"},"query":{},"timestamp":"Wed, 19 Jun 2024 01:59:01 GMT"}
{"body":{},"endpoint":"/tech","ip":"::1","level":"info","method":"GET","pathParameters":{"0":"tech"},"query":{},"timestamp":"Wed, 19 Jun 2024 01:59:04 GMT"}
{"body":{},"endpoint":"/tech","ip":"::1","level":"info","method":"GET","pathParameters":{"0":"tech"},"query":{},"timestamp":"Wed, 19 Jun 2024 01:59:04 GMT"}
{"body":{},"endpoint":"/tech","ip":"::1","level":"info","method":"GET","pathParameters":{"0":"tech"},"query":{},"timestamp":"Wed, 19 Jun 2024 01:59:05 GMT"}
{"body":{},"endpoint":"/tech","ip":"::1","level":"info","method":"GET","pathParameters":{"0":"tech"},"query":{},"timestamp":"Wed, 19 Jun 2024 01:59:05 GMT"}
{"body":{},"endpoint":"/tech","ip":"::1","level":"info","method":"GET","pathParameters":{"0":"tech"},"query":{},"timestamp":"Wed, 19 Jun 2024 01:59:05 GMT"}
{"body":{},"endpoint":"/tech","ip":"::1","level":"info","method":"GET","pathParameters":{"0":"tech"},"query":{},"timestamp":"Wed, 19 Jun 2024 01:59:06 GMT"}
{"body":{},"endpoint":"/tech","ip":"::1","level":"info","method":"GET","pathParameters":{"0":"tech"},"query":{},"timestamp":"Wed, 19 Jun 2024 01:59:06 GMT"}
{"body":{},"endpoint":"/tech","ip":"::1","level":"info","method":"GET","pathParameters":{"0":"tech"},"query":{},"timestamp":"Wed, 19 Jun 2024 01:59:06 GMT"}
{"body":{},"endpoint":"/tech","ip":"::1","level":"info","method":"GET","pathParameters":{"0":"tech"},"query":{},"timestamp":"Wed, 19 Jun 2024 01:59:06 GMT"}
{"body":{},"endpoint":"/tech","ip":"::1","level":"info","method":"GET","pathParameters":{"0":"tech"},"query":{},"timestamp":"Wed, 19 Jun 2024 01:59:07 GMT"}
{"body":{},"endpoint":"/tech","ip":"::1","level":"info","method":"GET","pathParameters":{"0":"tech"},"query":{},"timestamp":"Wed, 19 Jun 2024 01:59:07 GMT"}
{"body":{},"endpoint":"/tech","ip":"::1","level":"info","method":"GET","pathParameters":{"0":"tech"},"query":{},"timestamp":"Wed, 19 Jun 2024 01:59:07 GMT"}
{"body":{},"endpoint":"/tech","ip":"::1","level":"info","method":"GET","pathParameters":{"0":"tech"},"query":{},"timestamp":"Wed, 19 Jun 2024 01:59:08 GMT"}
{"body":{},"endpoint":"/tech","ip":"::1","level":"info","method":"GET","pathParameters":{"0":"tech"},"query":{},"timestamp":"Wed, 19 Jun 2024 01:59:08 GMT"}
{"body":{},"endpoint":"/tech","ip":"::1","level":"info","method":"GET","pathParameters":{"0":"tech"},"query":{},"timestamp":"Wed, 19 Jun 2024 01:59:09 GMT"}
{"body":{},"endpoint":"/tech","ip":"::1","level":"info","method":"GET","pathParameters":{"0":"tech"},"query":{},"timestamp":"Wed, 19 Jun 2024 01:59:09 GMT"}
{"body":{},"endpoint":"/tech","ip":"::1","level":"info","method":"GET","pathParameters":{"0":"tech"},"query":{},"timestamp":"Wed, 19 Jun 2024 01:59:09 GMT"}
{"body":{},"endpoint":"/tech","ip":"::1","level":"info","method":"GET","pathParameters":{"0":"tech"},"query":{},"timestamp":"Wed, 19 Jun 2024 01:59:09 GMT"}
{"body":{},"endpoint":"/tech","ip":"::1","level":"info","method":"GET","pathParameters":{"0":"tech"},"query":{},"timestamp":"Wed, 19 Jun 2024 01:59:09 GMT"}
{"body":{},"endpoint":"/tech","ip":"::1","level":"info","method":"GET","pathParameters":{"0":"tech"},"query":{},"timestamp":"Wed, 19 Jun 2024 01:59:10 GMT"}
{"body":{},"endpoint":"/tech","ip":"::1","level":"info","method":"GET","pathParameters":{"0":"tech"},"query":{},"timestamp":"Wed, 19 Jun 2024 01:59:10 GMT"}
{"body":{},"endpoint":"/tech","ip":"::1","level":"info","method":"GET","pathParameters":{"0":"tech"},"query":{},"timestamp":"Wed, 19 Jun 2024 01:59:13 GMT"}
{"body":{},"endpoint":"/tech","ip":"::1","level":"info","method":"GET","pathParameters":{"0":"tech"},"query":{},"timestamp":"Wed, 19 Jun 2024 01:59:14 GMT"}
{"body":{},"endpoint":"/tech","ip":"::1","level":"info","method":"GET","pathParameters":{"0":"tech"},"query":{},"timestamp":"Wed, 19 Jun 2024 01:59:15 GMT"}
{"body":{},"endpoint":"/tech","ip":"::1","level":"info","method":"GET","pathParameters":{"0":"tech"},"query":{},"timestamp":"Wed, 19 Jun 2024 01:59:15 GMT"}
{"body":{},"endpoint":"/tech","ip":"::1","level":"info","method":"GET","pathParameters":{"0":"tech"},"query":{},"timestamp":"Wed, 19 Jun 2024 01:59:16 GMT"}
{"body":{},"endpoint":"/tech","ip":"::1","level":"info","method":"GET","pathParameters":{"0":"tech"},"query":{},"timestamp":"Wed, 19 Jun 2024 01:59:16 GMT"}
{"body":{},"endpoint":"/tech","ip":"::1","level":"info","method":"GET","pathParameters":{"0":"tech"},"query":{},"timestamp":"Wed, 19 Jun 2024 01:59:26 GMT"}
{"body":{},"endpoint":"/tech","ip":"::1","level":"info","method":"GET","pathParameters":{"0":"tech"},"query":{},"timestamp":"Wed, 19 Jun 2024 01:59:27 GMT"}
{"body":{},"endpoint":"/tech","ip":"::1","level":"info","method":"GET","pathParameters":{"0":"tech"},"query":{},"timestamp":"Wed, 19 Jun 2024 01:59:27 GMT"}
{"body":{},"endpoint":"/tech","ip":"::1","level":"info","method":"GET","pathParameters":{"0":"tech"},"query":{},"timestamp":"Wed, 19 Jun 2024 01:59:28 GMT"}
{"body":{},"endpoint":"/tech","ip":"::1","level":"info","method":"GET","pathParameters":{"0":"tech"},"query":{},"timestamp":"Wed, 19 Jun 2024 01:59:28 GMT"}
{"body":{},"endpoint":"/tech","ip":"::1","level":"info","method":"GET","pathParameters":{"0":"tech"},"query":{},"timestamp":"Wed, 19 Jun 2024 01:59:28 GMT"}
{"body":{},"endpoint":"/tech","ip":"::1","level":"info","method":"GET","pathParameters":{"0":"tech"},"query":{},"timestamp":"Wed, 19 Jun 2024 01:59:28 GMT"}
{"body":{},"endpoint":"/tech","ip":"::1","level":"info","method":"GET","pathParameters":{"0":"tech"},"query":{},"timestamp":"Wed, 19 Jun 2024 01:59:28 GMT"}
{"body":{},"endpoint":"/tech","ip":"::1","level":"info","method":"GET","pathParameters":{"0":"tech"},"query":{},"timestamp":"Wed, 19 Jun 2024 01:59:29 GMT"}
{"body":{},"endpoint":"/tech","ip":"::1","level":"info","method":"GET","pathParameters":{"0":"tech"},"query":{},"timestamp":"Wed, 19 Jun 2024 01:59:29 GMT"}
{"body":{},"endpoint":"/tech","ip":"::1","level":"info","method":"GET","pathParameters":{"0":"tech"},"query":{},"timestamp":"Wed, 19 Jun 2024 01:59:29 GMT"}
{"body":{},"endpoint":"/tech","ip":"::1","level":"info","method":"GET","pathParameters":{"0":"tech"},"query":{},"timestamp":"Wed, 19 Jun 2024 01:59:29 GMT"}
{"body":{},"endpoint":"/tech","ip":"::1","level":"info","method":"GET","pathParameters":{"0":"tech"},"query":{},"timestamp":"Wed, 19 Jun 2024 01:59:29 GMT"}
{"body":{},"endpoint":"/tech","ip":"::1","level":"info","method":"GET","pathParameters":{"0":"tech"},"query":{},"timestamp":"Wed, 19 Jun 2024 01:59:29 GMT"}
{"body":{},"endpoint":"/tech","ip":"::1","level":"info","method":"GET","pathParameters":{"0":"tech"},"query":{},"timestamp":"Wed, 19 Jun 2024 01:59:29 GMT"}
{"body":{},"endpoint":"/tech","ip":"::1","level":"info","method":"GET","pathParameters":{"0":"tech"},"query":{},"timestamp":"Wed, 19 Jun 2024 01:59:30 GMT"}
{"body":{},"endpoint":"/tech","ip":"::1","level":"info","method":"GET","pathParameters":{"0":"tech"},"query":{},"timestamp":"Wed, 19 Jun 2024 01:59:30 GMT"}
{"body":{},"endpoint":"/tech","ip":"::1","level":"info","method":"GET","pathParameters":{"0":"tech"},"query":{},"timestamp":"Wed, 19 Jun 2024 01:59:33 GMT"}
{"body":{},"endpoint":"/tech","ip":"::1","level":"info","method":"GET","pathParameters":{"0":"tech"},"query":{},"timestamp":"Wed, 19 Jun 2024 02:00:17 GMT"}
{"body":{},"endpoint":"/tech","ip":"::1","level":"info","method":"GET","pathParameters":{"0":"tech"},"query":{},"timestamp":"Wed, 19 Jun 2024 02:00:19 GMT"}
{"body":{},"endpoint":"/tech","ip":"::1","level":"info","method":"GET","pathParameters":{"0":"tech"},"query":{},"timestamp":"Wed, 19 Jun 2024 02:00:20 GMT"}
{"body":{},"endpoint":"/tech","ip":"::1","level":"info","method":"GET","pathParameters":{"0":"tech"},"query":{},"timestamp":"Wed, 19 Jun 2024 02:00:21 GMT"}
{"body":{},"endpoint":"/tech","ip":"::1","level":"info","method":"GET","pathParameters":{"0":"tech"},"query":{},"timestamp":"Wed, 19 Jun 2024 02:00:21 GMT"}
{"body":{},"endpoint":"/tech","ip":"::1","level":"info","method":"GET","pathParameters":{"0":"tech"},"query":{},"timestamp":"Wed, 19 Jun 2024 02:00:28 GMT"}
{"body":{},"endpoint":"/tech","ip":"::1","level":"info","method":"GET","pathParameters":{"0":"tech"},"query":{},"timestamp":"Wed, 19 Jun 2024 02:00:32 GMT"}
{"body":{},"endpoint":"/tech","ip":"::1","level":"info","method":"GET","pathParameters":{"0":"tech"},"query":{},"timestamp":"Wed, 19 Jun 2024 02:00:33 GMT"}
{"body":{},"endpoint":"/tech","ip":"::1","level":"info","method":"GET","pathParameters":{"0":"tech"},"query":{},"timestamp":"Wed, 19 Jun 2024 02:00:33 GMT"}
{"body":{},"endpoint":"/tech","ip":"::1","level":"info","method":"GET","pathParameters":{"0":"tech"},"query":{},"timestamp":"Wed, 19 Jun 2024 02:00:46 GMT"}
{"body":{},"endpoint":"/tech","ip":"::1","level":"info","method":"GET","pathParameters":{"0":"tech"},"query":{},"timestamp":"Wed, 19 Jun 2024 02:10:16 GMT"}
{"body":{},"endpoint":"/tech","ip":"::1","level":"info","method":"GET","pathParameters":{"0":"tech"},"query":{},"timestamp":"Wed, 19 Jun 2024 02:10:21 GMT"}
{"body":{},"endpoint":"/tech","ip":"::1","level":"info","method":"GET","pathParameters":{"0":"tech"},"query":{},"timestamp":"Wed, 19 Jun 2024 02:10:22 GMT"}
{"body":{},"endpoint":"/tech","ip":"::1","level":"info","method":"GET","pathParameters":{"0":"tech"},"query":{},"timestamp":"Wed, 19 Jun 2024 02:10:22 GMT"}
{"body":{},"endpoint":"/tech","ip":"::1","level":"info","method":"GET","pathParameters":{"0":"tech"},"query":{},"timestamp":"Wed, 19 Jun 2024 02:10:22 GMT"}
{"body":{},"endpoint":"/tech","ip":"::1","level":"info","method":"GET","pathParameters":{"0":"tech"},"query":{},"timestamp":"Wed, 19 Jun 2024 02:16:38 GMT"}
{"body":{},"endpoint":"/tech","ip":"::1","level":"info","method":"GET","pathParameters":{"0":"tech"},"query":{},"timestamp":"Wed, 19 Jun 2024 02:16:42 GMT"}
{"body":{},"endpoint":"/tech","ip":"::1","level":"info","method":"GET","pathParameters":{"0":"tech"},"query":{},"timestamp":"Wed, 19 Jun 2024 02:17:12 GMT"}
{"body":{},"endpoint":"/tech","ip":"::1","level":"info","method":"GET","pathParameters":{"0":"tech"},"query":{},"timestamp":"Wed, 19 Jun 2024 02:22:35 GMT"}
{"body":{},"endpoint":"/Game","ip":"::1","level":"info","method":"GET","pathParameters":{"0":"Game"},"query":{},"timestamp":"Wed, 19 Jun 2024 02:26:25 GMT"}
{"body":{},"endpoint":"/tech","ip":"::1","level":"info","method":"GET","pathParameters":{"0":"tech"},"query":{},"timestamp":"Wed, 19 Jun 2024 02:26:47 GMT"}
{"body":{},"endpoint":"/tech","ip":"::1","level":"info","method":"GET","pathParameters":{"0":"tech"},"query":{},"timestamp":"Wed, 19 Jun 2024 02:34:13 GMT"}
{"body":{},"endpoint":"/tech","ip":"::1","level":"info","method":"GET","pathParameters":{"0":"tech"},"query":{},"timestamp":"Wed, 19 Jun 2024 02:34:29 GMT"}
{"body":{},"endpoint":"/tech","ip":"::1","level":"info","method":"GET","pathParameters":{"0":"tech"},"query":{},"timestamp":"Wed, 19 Jun 2024 02:37:11 GMT"}
{"body":{},"endpoint":"/tech","ip":"::1","level":"info","method":"GET","pathParameters":{"0":"tech"},"query":{},"timestamp":"Wed, 19 Jun 2024 02:38:25 GMT"}
{"body":{},"endpoint":"/tech","ip":"::1","level":"info","method":"GET","pathParameters":{"0":"tech"},"query":{},"timestamp":"Wed, 19 Jun 2024 02:38:40 GMT"}
{"body":{},"endpoint":"/tech","ip":"::1","level":"info","method":"GET","pathParameters":{"0":"tech"},"query":{},"timestamp":"Wed, 19 Jun 2024 02:38:40 GMT"}
{"body":{},"endpoint":"/tech","ip":"::1","level":"info","method":"GET","pathParameters":{"0":"tech"},"query":{},"timestamp":"Wed, 19 Jun 2024 02:54:56 GMT"}
{"body":{},"endpoint":"/tech","ip":"::1","level":"info","method":"GET","pathParameters":{"0":"tech"},"query":{},"timestamp":"Wed, 19 Jun 2024 02:55:03 GMT"}
{"body":{},"endpoint":"/tech","ip":"::1","level":"info","method":"GET","pathParameters":{"0":"tech"},"query":{},"timestamp":"Wed, 19 Jun 2024 02:55:29 GMT"}
{"body":{},"endpoint":"/tech","ip":"::1","level":"info","method":"GET","pathParameters":{"0":"tech"},"query":{},"timestamp":"Wed, 19 Jun 2024 02:55:51 GMT"}
{"body":{},"endpoint":"/tech","ip":"::1","level":"info","method":"GET","pathParameters":{"0":"tech"},"query":{},"timestamp":"Wed, 19 Jun 2024 02:55:53 GMT"}
{"body":{},"endpoint":"/tech","ip":"::1","level":"info","method":"GET","pathParameters":{"0":"tech"},"query":{},"timestamp":"Wed, 19 Jun 2024 03:13:55 GMT"}
